Performing C SOURCE FILE Test CMAKE_HAVE_LIBC_PTHREAD failed with the following output:
Change Dir: /home/juchunyu/20231013/tebNoRos/teb_local_planner/build/CMakeFiles/CMakeTmp

Run Build Command(s):/usr/bin/make cmTC_d1159/fast && /usr/bin/make -f CMakeFiles/cmTC_d1159.dir/build.make CMakeFiles/cmTC_d1159.dir/build
make[1]: Entering directory '/home/juchunyu/20231013/tebNoRos/teb_local_planner/build/CMakeFiles/CMakeTmp'
Building C object CMakeFiles/cmTC_d1159.dir/src.c.o
/usr/bin/c99-gcc   -DCMAKE_HAVE_LIBC_PTHREAD   -o CMakeFiles/cmTC_d1159.dir/src.c.o   -c /home/juchunyu/20231013/tebNoRos/teb_local_planner/build/CMakeFiles/CMakeTmp/src.c
Linking C executable cmTC_d1159
/usr/local/bin/cmake -E cmake_link_script CMakeFiles/cmTC_d1159.dir/link.txt --verbose=1
/usr/bin/c99-gcc  -DCMAKE_HAVE_LIBC_PTHREAD    CMakeFiles/cmTC_d1159.dir/src.c.o  -o cmTC_d1159 
CMakeFiles/cmTC_d1159.dir/src.c.o: In function `main':
src.c:(.text+0x3c): undefined reference to `pthread_create'
src.c:(.text+0x48): undefined reference to `pthread_detach'
src.c:(.text+0x54): undefined reference to `pthread_cancel'
src.c:(.text+0x65): undefined reference to `pthread_join'
src.c:(.text+0x79): undefined reference to `pthread_atfork'
collect2: error: ld returned 1 exit status
CMakeFiles/cmTC_d1159.dir/build.make:103: recipe for target 'cmTC_d1159' failed
make[1]: *** [cmTC_d1159] Error 1
make[1]: Leaving directory '/home/juchunyu/20231013/tebNoRos/teb_local_planner/build/CMakeFiles/CMakeTmp'
Makefile:138: recipe for target 'cmTC_d1159/fast' failed
make: *** [cmTC_d1159/fast] Error 2


Source file was:
#include <pthread.h>

void* test_func(void* data)
{
  return data;
}

int main(void)
{
  pthread_t thread;
  pthread_create(&thread, NULL, test_func, NULL);
  pthread_detach(thread);
  pthread_cancel(thread);
  pthread_join(thread, NULL);
  pthread_atfork(NULL, NULL, NULL);
  pthread_exit(NULL);

  return 0;
}

Determining if the function pthread_create exists in the pthreads failed with the following output:
Change Dir: /home/juchunyu/20231013/tebNoRos/teb_local_planner/build/CMakeFiles/CMakeTmp

Run Build Command(s):/usr/bin/make cmTC_22fb9/fast && /usr/bin/make -f CMakeFiles/cmTC_22fb9.dir/build.make CMakeFiles/cmTC_22fb9.dir/build
make[1]: Entering directory '/home/juchunyu/20231013/tebNoRos/teb_local_planner/build/CMakeFiles/CMakeTmp'
Building C object CMakeFiles/cmTC_22fb9.dir/CheckFunctionExists.c.o
/usr/bin/c99-gcc   -DCHECK_FUNCTION_EXISTS=pthread_create   -o CMakeFiles/cmTC_22fb9.dir/CheckFunctionExists.c.o   -c /usr/local/share/cmake-3.17/Modules/CheckFunctionExists.c
Linking C executable cmTC_22fb9
/usr/local/bin/cmake -E cmake_link_script CMakeFiles/cmTC_22fb9.dir/link.txt --verbose=1
/usr/bin/c99-gcc  -DCHECK_FUNCTION_EXISTS=pthread_create    CMakeFiles/cmTC_22fb9.dir/CheckFunctionExists.c.o  -o cmTC_22fb9  -lpthreads 
/usr/bin/ld: cannot find -lpthreads
collect2: error: ld returned 1 exit status
CMakeFiles/cmTC_22fb9.dir/build.make:103: recipe for target 'cmTC_22fb9' failed
make[1]: *** [cmTC_22fb9] Error 1
make[1]: Leaving directory '/home/juchunyu/20231013/tebNoRos/teb_local_planner/build/CMakeFiles/CMakeTmp'
Makefile:138: recipe for target 'cmTC_22fb9/fast' failed
make: *** [cmTC_22fb9/fast] Error 2



